Flutter crash report; please file at https://github.com/flutter/flutter/issues.

## command

flutter --suppress-analytics build flx --target=/Users/guanrui/Documents/Code/Flutter/flutter_wms/lib/main.dart --output-file=/Users/guanrui/Documents/Code/Flutter/flutter_wms/ios/Flutter/app.flx --snapshot=build/snapshot_blob.bin --depfile=build/snapshot_blob.bin.d --working-dir=/Users/guanrui/Documents/Code/Flutter/flutter_wms/ios/Flutter/flutter_assets --preview-dart-2

## exception

String: Exit code 18 from: zip -q /Users/guanrui/Documents/Code/Flutter/flutter_wms/ios/Flutter/app.flx.tmp packages/cupertino_icons/assets/CupertinoIcons.ttf fonts/MaterialIcons-Regular.ttf AssetManifest.json FontManifest.json LICENSE kernel_blob.bin platform.dill:
zip warning: No such file or directory

```
#0      runCheckedAsync (package:flutter_tools/src/base/process.dart:249)
<asynchronous suspension>
#1      _ZipToolBuilder.createZip (package:flutter_tools/src/zip.dart:100)
<asynchronous suspension>
#2      assemble (package:flutter_tools/src/flx.dart:183)
<asynchronous suspension>
#3      build (package:flutter_tools/src/flx.dart:109)
<asynchronous suspension>
#4      BuildFlxCommand.runCommand (package:flutter_tools/src/commands/build_flx.dart:68)
<asynchronous suspension>
#5      FlutterCommand.verifyThenRunCommand (package:flutter_tools/src/runner/flutter_command.dart:333)
<asynchronous suspension>
#6      FlutterCommand.run.<anonymous closure> (package:flutter_tools/src/runner/flutter_command.dart:270)
<asynchronous suspension>
#7      AppContext.run.<anonymous closure> (package:flutter_tools/src/base/context.dart:142)
<asynchronous suspension>
#8      _rootRun (dart:async/zone.dart:1126)
#9      _CustomZone.run (dart:async/zone.dart:1023)
#10     runZoned (dart:async/zone.dart:1501)
#11     AppContext.run (package:flutter_tools/src/base/context.dart:141)
<asynchronous suspension>
#12     FlutterCommand.run (package:flutter_tools/src/runner/flutter_command.dart:261)
#13     CommandRunner.runCommand (package:args/command_runner.dart:194)
<asynchronous suspension>
#14     FlutterCommandRunner.runCommand.<anonymous closure> (package:flutter_tools/src/runner/flutter_command_runner.dart:298)
<asynchronous suspension>
#15     AppContext.run.<anonymous closure> (package:flutter_tools/src/base/context.dart:142)
<asynchronous suspension>
#16     _rootRun (dart:async/zone.dart:1126)
#17     _CustomZone.run (dart:async/zone.dart:1023)
#18     runZoned (dart:async/zone.dart:1501)
#19     AppContext.run (package:flutter_tools/src/base/context.dart:141)
<asynchronous suspension>
#20     FlutterCommandRunner.runCommand (package:flutter_tools/src/runner/flutter_command_runner.dart:254)
<asynchronous suspension>
#21     CommandRunner.run.<anonymous closure> (package:args/command_runner.dart:109)
#22     new Future.sync (dart:async/future.dart:222)
#23     CommandRunner.run (package:args/command_runner.dart:109)
#24     FlutterCommandRunner.run (package:flutter_tools/src/runner/flutter_command_runner.dart:168)
#25     run.<anonymous closure> (package:flutter_tools/runner.dart:54)
<asynchronous suspension>
#26     AppContext.run.<anonymous closure> (package:flutter_tools/src/base/context.dart:142)
<asynchronous suspension>
#27     _rootRun (dart:async/zone.dart:1126)
#28     _CustomZone.run (dart:async/zone.dart:1023)
#29     runZoned (dart:async/zone.dart:1501)
#30     AppContext.run (package:flutter_tools/src/base/context.dart:141)
<asynchronous suspension>
#31     runInContext (package:flutter_tools/src/context_runner.dart:41)
<asynchronous suspension>
#32     run (package:flutter_tools/runner.dart:49)
#33     main (package:flutter_tools/executable.dart:48)
<asynchronous suspension>
#34     main (file:///Users/guanrui/Documents/Flutter/packages/flutter_tools/bin/flutter_tools.dart:16)
#35     _startIsolate.<anonymous closure> (dart:isolate-patch/dart:isolate/isolate_patch.dart:277)
#36     _RawReceivePortImpl._handleMessage (dart:isolate-patch/dart:isolate/isolate_patch.dart:165)
```

## flutter doctor

```
[✓] Flutter (Channel beta, v0.2.8, on Mac OS X 10.13.4 17E199, locale zh-Hans-CN)
    • Flutter version 0.2.8 at /Users/guanrui/Documents/Flutter
    • Framework revision b397406561 (2 weeks ago), 2018-04-02 13:53:20 -0700
    • Engine revision c903c217a1
    • Dart version 2.0.0-dev.43.0.flutter-52afcba357

[!] Android toolchain - develop for Android devices (Android SDK 27.0.3)
    • Android SDK at /Users/guanrui/Documents/SDK
    • Android NDK location not configured (optional; useful for native profiling support)
    • Platform android-27, build-tools 27.0.3
    • ANDROID_HOME = /Users/guanrui/Documents/SDK
    • Java binary at: /Applications/Android Studio.app/Contents/jre/jdk/Contents/Home/bin/java
    • Java version OpenJDK Runtime Environment (build 1.8.0_152-release-1024-b01)
    ✗ Android license status unknown.

[✓] iOS toolchain - develop for iOS devices (Xcode 9.3)
    • Xcode at /Applications/Xcode.app/Contents/Developer
    • Xcode 9.3, Build version 9E145
    • ios-deploy 1.9.2
    • CocoaPods version 1.5.0

[✓] Android Studio (version 3.1)
    • Android Studio at /Applications/Android Studio.app/Contents
    • Java version OpenJDK Runtime Environment (build 1.8.0_152-release-1024-b01)

[✓] IntelliJ IDEA Community Edition (version 2018.1)
    • IntelliJ at /Applications/IntelliJ IDEA CE.app
    • Flutter plugin version 23.1.3
    • Dart plugin version 181.4203.498

[✓] VS Code (version 1.22.2)
    • VS Code at /Applications/Visual Studio Code.app/Contents
    • Dart Code extension version 2.11.2

[✓] Connected devices (1 available)
    • 关蕤的 iPhone • 301fb3d5bd32ca3ec2da5d58d58c66bef85880f6 • ios • iOS 11.3

! Doctor found issues in 1 category.
```
